-------------------------------------------------------------------------------
Test set: BonusServiceTest
-------------------------------------------------------------------------------
Tests run: 4, Failures: 1, Errors: 0, Skipped: 0, Time elapsed: 0.527 s <<< FAILURE! - in BonusServiceTest
BonusServiceTest.shouldCalculateNOTRegistredAndOverLimit  Time elapsed: 0.172 s  <<< FAILURE!
org.opentest4j.AssertionFailedError: expected: <50> but was: <500>
	at BonusServiceTest.shouldCalculateNOTRegistredAndOverLimit(BonusServiceTest.java:43)

