<?xml version="1.0" encoding="UTF-8"?>
<testsuite xmlns:xsi="http://www.w3.org/2001/XMLSchema-instance" xsi:noNamespaceSchemaLocation="https://maven.apache.org/surefire/maven-surefire-plugin/xsd/surefire-test-report-3.0.xsd" version="3.0" name="BonusServiceTest" time="0.527" tests="4" errors="0" skipped="0" failures="1">
  <properties>
[...]
</properties>
  <testcase name="shouldCalculateNOTRegistredAndOverLimit" classname="BonusServiceTest" time="0.172">
    <failure type="org.opentest4j.AssertionFailedError"><![CDATA[org.opentest4j.AssertionFailedError: expected: <50> but was: <500>
	at BonusServiceTest.shouldCalculateNOTRegistredAndOverLimit(BonusServiceTest.java:43)
]]></failure>
  </testcase>
  <testcase name="shouldCalculateNOTRegistredAndUnderLimit" classname="BonusServiceTest" time="0"/>
  <testcase name="shouldCalculateRegistredAndOverLimit" classname="BonusServiceTest" time="0.031"/>
  <testcase name="shouldCalculateRegistredAndUnderLimit" classname="BonusServiceTest" time="0.015"/>
</testsuite>